# 1: 1 => 1 in 21.435µs ~ 683.214µs | total cached: 2 (found solution)
time '21.435µs + 683.214µs = 704.649µs': n = 2, i = 0, comparisons: 1

# 1: 1 => 2 in 15.506µs ~ 54.036µs | total cached: 2
# 2: 1 => 2 in 22.808µs ~ 60.393µs | total cached: 3 (found solution)
time '38.314µs + 114.429µs = 152.743µs': n = 3, i = 0, comparisons: 2
# 1: 1 => 1 in 14.001µs ~ 10.965µs | total cached: 2
# 2: 1 => 2 in 9.470µs ~ 24.260µs | total cached: 3
# 3: 1 => 1 in 5.970µs ~ 7.113µs | total cached: 4 (found solution)
time '29.441µs + 42.338µs = 71.779µs': n = 3, i = 1, comparisons: 3

# 1: 1 => 5 in 26.387µs ~ 104.133µs | total cached: 2
# 2: 1 => 7 in 39.443µs ~ 207.002µs | total cached: 3
# 3: 1 => 3 in 20.534µs ~ 59.289µs | total cached: 4 (found solution)
time '86.364µs + 370.424µs = 456.788µs': n = 4, i = 0, comparisons: 3
# 1: 1 => 2 in 38.676µs ~ 53.217µs | total cached: 2
# 2: 1 => 4 in 63.324µs ~ 65.467µs | total cached: 5
# 3: 3 => 5 in 33.219µs ~ 61.859µs | total cached: 8
# 4: 3 => 4 in 32.127µs ~ 45.786µs | total cached: 9 (found solution)
time '167.346µs + 226.329µs = 393.675µs': n = 4, i = 1, comparisons: 4

# 1: 1 => 16 in 88.134µs ~ 136.666µs | total cached: 2
# 2: 1 => 27 in 190.180µs ~ 204.808µs | total cached: 3
# 3: 1 => 15 in 110.102µs ~ 133.978µs | total cached: 4
# 4: 1 => 4 in 54.392µs ~ 76.147µs | total cached: 5 (found solution)
time '442.808µs + 551.599µs = 994.407µs': n = 5, i = 0, comparisons: 4
# 1: 1 => 5 in 159.428µs ~ 86.988µs | total cached: 2
# 2: 1 => 12 in 179.382µs ~ 126.026µs | total cached: 5
# 3: 3 => 18 in 97.994µs ~ 124.386µs | total cached: 10
# 4: 5 => 20 in 104.338µs ~ 124.284µs | total cached: 14
# 5: 4 => 6 in 57.625µs ~ 58.691µs | total cached: 15
# 6: 1 => 1 in 9.892µs ~ 14.477µs | total cached: 16 (found solution)
time '608.659µs + 534.852µs = 1.144ms': n = 5, i = 1, comparisons: 6
# 1: 1 => 4 in 74.973µs ~ 76.601µs | total cached: 2
# 2: 1 => 8 in 116.412µs ~ 94.760µs | total cached: 5
# 3: 3 => 17 in 172.859µs ~ 122.750µs | total cached: 11
# 4: 6 => 20 in 104.092µs ~ 129.831µs | total cached: 18
# 5: 7 => 10 in 60.771µs ~ 92.656µs | total cached: 21
# 6: 3 => 3 in 27.731µs ~ 45.273µs | total cached: 22 (found solution)
time '556.838µs + 561.871µs = 1.119ms': n = 5, i = 2, comparisons: 6

# 1: 1 => 63 in 257.241µs ~ 430.321µs | total cached: 2
# 2: 1 => 134 in 862.270µs ~ 846.748µs | total cached: 3
# 3: 1 => 88 in 566.370µs ~ 577.313µs | total cached: 4
# 4: 1 => 27 in 248.029µs ~ 224.645µs | total cached: 5
# 5: 1 => 5 in 106.054µs ~ 69.778µs | total cached: 6 (found solution)
time '2.040ms + 2.149ms = 4.189ms': n = 6, i = 0, comparisons: 5
# 1: 1 => 16 in 692.681µs ~ 159.202µs | total cached: 2
# 2: 1 => 43 in 752.074µs ~ 359.298µs | total cached: 5
# 3: 3 => 84 in 591.557µs ~ 661.416µs | total cached: 11
# 4: 6 => 111 in 503.276µs ~ 741.339µs | total cached: 19
# 5: 8 => 45 in 254.313µs ~ 291.430µs | total cached: 24
# 6: 5 => 13 in 76.422µs ~ 109.279µs | total cached: 26
# 7: 2 => 5 in 109.228µs ~ 82.220µs | total cached: 27 (found solution)
time '2.980ms + 2.404ms = 5.384ms': n = 6, i = 1, comparisons: 7
# 1: 1 => 10 in 631.722µs ~ 109.473µs | total cached: 2
# 2: 1 => 24 in 1.239ms ~ 247.938µs | total cached: 5
# 3: 3 => 61 in 1.772ms ~ 475.546µs | total cached: 17
# 4: 12 => 101 in 1.878ms ~ 747.770µs | total cached: 38
# 5: 21 => 72 in 1.137ms ~ 603.500µs | total cached: 56
# 6: 18 => 35 in 348.237µs ~ 263.991µs | total cached: 64
# 7: 8 => 11 in 195.634µs ~ 101.171µs | total cached: 67
# 8: 3 => 3 in 18.931µs ~ 44.683µs | total cached: 68 (found solution)
time '7.220ms + 2.594ms = 9.814ms': n = 6, i = 2, comparisons: 8

# 1: 1 => 318 in 2.703ms ~ 3.081ms | total cached: 2
# 2: 1 => 814 in 5.785ms ~ 8.217ms | total cached: 3
# 3: 1 => 642 in 3.690ms ~ 6.147ms | total cached: 4
# 4: 1 => 221 in 2.128ms ~ 2.437ms | total cached: 5
# 5: 1 => 43 in 912.977µs ~ 470.554µs | total cached: 6
# 6: 1 => 6 in 272.730µs ~ 107.924µs | total cached: 7 (found solution)
time '15.492ms + 20.461ms = 35.953ms': n = 7, i = 0, comparisons: 6
# 1: 1 => 63 in 5.921ms ~ 572.267µs | total cached: 2
# 2: 1 => 197 in 7.370ms ~ 2.102ms | total cached: 5
# 3: 3 => 465 in 6.207ms ~ 5.858ms | total cached: 11
# 4: 6 => 733 in 4.605ms ~ 9.064ms | total cached: 21
# 5: 10 => 388 in 2.648ms ~ 4.011ms | total cached: 32
# 6: 11 => 146 in 1.645ms ~ 1.542ms | total cached: 39
# 7: 7 => 46 in 782.278µs ~ 537.657µs | total cached: 41
# 8: 2 => 6 in 254.645µs ~ 130.047µs | total cached: 42 (found solution)
time '29.433ms + 23.817ms = 53.250ms': n = 7, i = 1, comparisons: 8
# 1: 1 => 32 in 3.158ms ~ 310.603µs | total cached: 2
# 2: 1 => 86 in 6.280ms ~ 1.007ms | total cached: 5
# 3: 3 => 272 in 9.420ms ~ 3.721ms | total cached: 20
# 4: 15 => 566 in 11.703ms ~ 8.649ms | total cached: 60
# 5: 40 => 548 in 6.647ms ~ 8.194ms | total cached: 117
# 6: 57 => 349 in 2.850ms ~ 4.727ms | total cached: 158
# 7: 41 => 137 in 1.509ms ~ 1.796ms | total cached: 176
# 8: 18 => 45 in 444.375µs ~ 580.885µs | total cached: 181
# 9: 5 => 8 in 220.619µs ~ 126.405µs | total cached: 182
# 10: 1 => 1 in 11.814µs ~ 12.500µs | total cached: 183 (found solution)
time '42.245ms + 29.124ms = 71.369ms': n = 7, i = 2, comparisons: 10
# 1: 1 => 25 in 1.910ms ~ 273.610µs | total cached: 2
# 2: 1 => 70 in 4.476ms ~ 950.762µs | total cached: 5
# 3: 3 => 223 in 8.219ms ~ 2.650ms | total cached: 18
# 4: 13 => 503 in 12.188ms ~ 8.016ms | total cached: 69
# 5: 51 => 554 in 9.363ms ~ 9.685ms | total cached: 157
# 6: 88 => 403 in 5.769ms ~ 4.500ms | total cached: 227
# 7: 70 => 182 in 2.071ms ~ 1.912ms | total cached: 261
# 8: 34 => 67 in 556.384µs ~ 687.363µs | total cached: 270
# 9: 9 => 14 in 230.183µs ~ 198.026µs | total cached: 273
# 10: 3 => 3 in 20.612µs ~ 63.735µs | total cached: 274 (found solution)
time '44.803ms + 28.935ms = 73.739ms': n = 7, i = 3, comparisons: 10

# 1: 1 => 2045 in 12.571ms ~ 32.686ms | total cached: 2
# 2: 1 => 6258 in 31.162ms ~ 97.198ms | total cached: 3
# 3: 1 => 5828 in 37.173ms ~ 94.897ms | total cached: 4
# 4: 1 => 2319 in 26.557ms ~ 41.626ms | total cached: 5
# 5: 1 => 477 in 10.563ms ~ 9.115ms | total cached: 6
# 6: 1 => 64 in 3.146ms ~ 1.104ms | total cached: 7
# 7: 1 => 7 in 709.941µs ~ 158.407µs | total cached: 8 (found solution)
time '121.881ms + 276.784ms = 398.665ms': n = 8, i = 0, comparisons: 7
# 1: 1 => 318 in 67.771ms ~ 4.068ms | total cached: 2
# 2: 1 => 1132 in 86.423ms ~ 18.727ms | total cached: 5
# 3: 3 => 3174 in 59.307ms ~ 72.089ms | total cached: 11
# 4: 6 => 5888 in 43.425ms ~ 102.802ms | total cached: 22
# 5: 11 => 4021 in 30.989ms ~ 67.584ms | total cached: 38
# 6: 16 => 1865 in 16.851ms ~ 34.334ms | total cached: 52
# 7: 14 => 524 in 9.013ms ~ 9.682ms | total cached: 60
# 8: 8 => 68 in 2.558ms ~ 1.131ms | total cached: 63
# 9: 3 => 8 in 634.695µs ~ 152.004µs | total cached: 64 (found solution)
time '316.972ms + 310.568ms = 627.540ms': n = 8, i = 1, comparisons: 9
# 1: 1 => 126 in 25.508ms ~ 1.465ms | total cached: 2
# 2: 1 => 394 in 56.843ms ~ 6.017ms | total cached: 5
# 3: 3 => 1475 in 95.874ms ~ 33.627ms | total cached: 20
# 4: 15 => 3766 in 135.516ms ~ 81.495ms | total cached: 73
# 5: 53 => 4702 in 84.513ms ~ 90.285ms | total cached: 196
# 6: 123 => 3788 in 46.330ms ~ 68.785ms | total cached: 338
# 7: 142 => 1928 in 21.545ms ~ 39.651ms | total cached: 426
# 8: 88 => 679 in 8.568ms ~ 12.801ms | total cached: 455
# 9: 29 => 114 in 2.419ms ~ 2.033ms | total cached: 463
# 10: 8 => 19 in 444.145µs ~ 356.632µs | total cached: 466
# 11: 3 => 7 in 610.332µs ~ 137.646µs | total cached: 467 (found solution)
time '478.170ms + 336.653ms = 814.824ms': n = 8, i = 2, comparisons: 11
# 1: 1 => 80 in 24.102ms ~ 850.953µs | total cached: 2
# 2: 1 => 247 in 58.777ms ~ 3.637ms | total cached: 5
# 3: 3 => 998 in 148.314ms ~ 25.779ms | total cached: 22
# 4: 17 => 2829 in 298.555ms ~ 83.023ms | total cached: 129
# 5: 107 => 4298 in 302.950ms ~ 85.727ms | total cached: 464
# 6: 335 => 4287 in 225.788ms ~ 89.950ms | total cached: 924
# 7: 460 => 2714 in 115.977ms ~ 53.242ms | total cached: 1246
# 8: 322 => 1188 in 46.249ms ~ 25.959ms | total cached: 1365
# 9: 119 => 271 in 12.872ms ~ 6.254ms | total cached: 1402
# 10: 37 => 68 in 2.495ms ~ 1.442ms | total cached: 1412
# 11: 10 => 15 in 1.096ms ~ 272.682µs | total cached: 1415
# 12: 3 => 3 in 63.029µs ~ 85.833µs | total cached: 1416 (found solution)
time '1.237s + 376.223ms = 1.613s': n = 8, i = 3, comparisons: 12

# 1: 1 => 16999 in 148.584ms ~ 410.017ms | total cached: 2
# 2: 1 => 60877 in 392.828ms ~ 1.354s | total cached: 3
# 3: 1 => 66612 in 510.732ms ~ 1.659s | total cached: 4
# 4: 1 => 30698 in 373.345ms ~ 909.256ms | total cached: 5
# 5: 1 => 7015 in 167.829ms ~ 254.211ms | total cached: 6
# 6: 1 => 931 in 49.097ms ~ 33.587ms | total cached: 7
# 7: 1 => 90 in 10.149ms ~ 2.458ms | total cached: 8
# 8: 1 => 8 in 1.658ms ~ 209.110µs | total cached: 9 (found solution)
time '1.654s + 4.622s = 6.277s': n = 9, i = 0, comparisons: 8
# 1: 1 => 2045 in 953.196ms ~ 39.388ms | total cached: 2
# 2: 1 => 8303 in 1.367s ~ 195.612ms | total cached: 5
# 3: 3 => 26930 in 998.359ms ~ 620.121ms | total cached: 11
# 4: 6 => 58140 in 646.263ms ~ 1.461s | total cached: 22
# 5: 11 => 50523 in 463.047ms ~ 1.367s | total cached: 41
# 6: 19 => 28229 in 314.263ms ~ 901.961ms | total cached: 63
# 7: 22 => 7901 in 168.981ms ~ 278.000ms | total cached: 79
# 8: 16 => 1033 in 48.419ms ~ 34.845ms | total cached: 89
# 9: 10 => 116 in 10.675ms ~ 2.688ms | total cached: 92
# 10: 3 => 9 in 1.733ms ~ 186.766µs | total cached: 93
# 11: 1 => 1 in 9.867µs ~ 18.538µs | total cached: 94 (found solution)
time '4.972s + 4.901s = 9.873s': n = 9, i = 1, comparisons: 11
# 1: 1 => 636 in 297.633ms ~ 10.364ms | total cached: 2
# 2: 1 => 2264 in 738.528ms ~ 59.970ms | total cached: 5
# 3: 3 => 9871 in 1.447s ~ 253.916ms | total cached: 20
# 4: 15 => 30327 in 2.294s ~ 780.868ms | total cached: 79
# 5: 59 => 47393 in 1.636s ~ 1.315s | total cached: 271
# 6: 192 => 47456 in 933.196ms ~ 1.389s | total cached: 619
# 7: 348 => 30551 in 447.492ms ~ 1.041s | total cached: 937
# 8: 318 => 12021 in 202.184ms ~ 444.850ms | total cached: 1100
# 9: 163 => 2208 in 58.752ms ~ 80.687ms | total cached: 1150
# 10: 50 => 399 in 13.015ms ~ 13.333ms | total cached: 1166
# 11: 16 => 95 in 8.467ms ~ 2.648ms | total cached: 1170
# 12: 4 => 9 in 1.637ms ~ 205.011µs | total cached: 1171 (found solution)
time '8.078s + 5.392s = 13.470s': n = 9, i = 2, comparisons: 12
# 1: 1 => 315 in 135.149ms ~ 4.577ms | total cached: 2
# 2: 1 => 1111 in 379.622ms ~ 28.709ms | total cached: 5
# 3: 3 => 5414 in 1.050s ~ 150.195ms | total cached: 22
# 4: 17 => 18807 in 2.410s ~ 502.111ms | total cached: 173
# 5: 151 => 37113 in 2.829s ~ 1.079s | total cached: 943
# 6: 770 => 48413 in 2.336s ~ 1.502s | total cached: 2762
# 7: 1819 => 41371 in 1.334s ~ 1.344s | total cached: 4815
# 8: 2053 => 22250 in 592.604ms ~ 761.244ms | total cached: 5988
# 9: 1173 => 6371 in 159.235ms ~ 231.064ms | total cached: 6397
# 10: 409 => 1657 in 42.195ms ~ 59.676ms | total cached: 6509
# 11: 112 => 326 in 13.796ms ~ 9.614ms | total cached: 6541
# 12: 32 => 71 in 2.768ms ~ 1.522ms | total cached: 6547
# 13: 6 => 10 in 1.059ms ~ 193.523µs | total cached: 6548
# 14: 1 => 1 in 25.012µs ~ 16.361µs | total cached: 6549 (found solution)
time '11.286s + 5.675s = 16.961s': n = 9, i = 3, comparisons: 14
# 1: 1 => 256 in 83.873ms ~ 3.863ms | total cached: 2
# 2: 1 => 864 in 249.637ms ~ 24.378ms | total cached: 5
# 3: 3 => 4437 in 737.356ms ~ 135.430ms | total cached: 22
# 4: 17 => 15912 in 1.995s ~ 433.447ms | total cached: 176
# 5: 154 => 33584 in 2.857s ~ 984.968ms | total cached: 1156
# 6: 980 => 47280 in 2.967s ~ 1.527s | total cached: 3923
# 7: 2767 => 43814 in 2.031s ~ 1.419s | total cached: 7450
# 8: 3527 => 25829 in 1.059s ~ 876.611ms | total cached: 9661
# 9: 2211 => 8340 in 317.604ms ~ 291.619ms | total cached: 10448
# 10: 787 => 2304 in 87.116ms ~ 76.592ms | total cached: 10659
# 11: 211 => 475 in 23.837ms ~ 15.354ms | total cached: 10718
# 12: 59 => 114 in 3.543ms ~ 2.550ms | total cached: 10729
# 13: 11 => 18 in 1.076ms ~ 314.910µs | total cached: 10732
# 14: 3 => 3 in 28.405µs ~ 62.852µs | total cached: 10733 (found solution)
time '12.413s + 5.791s = 18.204s': n = 9, i = 4, comparisons: 14

# 1: 1 => 183231 in 1.719s ~ 6.579s | total cached: 2
# 2: 1 => 755323 in 5.418s ~ 25.477s | total cached: 3
# 3: 1 => 959941 in 8.482s ~ 36.786s | total cached: 4
# 4: 1 => 514525 in 6.856s ~ 23.919s | total cached: 5
# 5: 1 => 133610 in 3.718s ~ 8.112s | total cached: 6
# 6: 1 => 18836 in 1.190s ~ 1.409s | total cached: 7
# 7: 1 => 1686 in 254.037ms ~ 120.554ms | total cached: 8
# 8: 1 => 122 in 35.798ms ~ 5.320ms | total cached: 9
# 9: 1 => 9 in 4.252ms ~ 261.417µs | total cached: 10 (found solution)
time '27.678s + 102.408s = 130.085s': n = 10, i = 0, comparisons: 9
# 1: 1 => 16999 in 18.469s ~ 472.666ms | total cached: 2
# 2: 1 => 77876 in 28.620s ~ 2.395s | total cached: 5
# 3: 3 => 287478 in 22.769s ~ 10.754s | total cached: 11
# 4: 6 => 713207 in 13.104s ~ 28.017s | total cached: 22
# 5: 11 => 774723 in 8.886s ~ 32.860s | total cached: 43
# 6: 21 => 517821 in 6.764s ~ 27.499s | total cached: 73
# 7: 30 => 154472 in 3.848s ~ 9.874s | total cached: 100
# 8: 27 => 22099 in 1.204s ~ 1.601s | total cached: 119
# 9: 19 => 2411 in 269.013ms ~ 147.721ms | total cached: 130
# 10: 11 => 165 in 39.489ms ~ 8.340ms | total cached: 133
# 11: 3 => 23 in 6.301ms ~ 849.901µs | total cached: 135
# 12: 2 => 9 in 4.419ms ~ 267.614µs | total cached: 136 (found solution)
time '103.982s + 113.629s = 217.612s': n = 10, i = 1, comparisons: 12
# 1: 1 => 4090 in 4.422s ~ 98.223ms | total cached: 2
# 2: 1 => 16606 in 11.926s ~ 464.095ms | total cached: 5
# 3: 3 => 82474 in 27.205s ~ 2.703s | total cached: 20
# 4: 15 => 299782 in 48.398s ~ 12.151s | total cached: 81
# 5: 61 => 573668 in 39.765s ~ 24.141s | total cached: 327
# 6: 246 => 703831 in 23.745s ~ 33.691s | total cached: 981
# 7: 654 => 561949 in 11.219s ~ 33.580s | total cached: 1874
# 8: 893 => 255891 in 5.256s ~ 17.668s | total cached: 2515
# 9: 641 => 56236 in 1.805s ~ 4.475s | total cached: 2790
# 10: 275 => 10684 in 463.531ms ~ 901.682ms | total cached: 2877
# 11: 87 => 1901 in 208.378ms ~ 143.012ms | total cached: 2900
# 12: 23 => 156 in 32.096ms ~ 6.627ms | total cached: 2907
# 13: 7 => 13 in 3.922ms ~ 322.058µs | total cached: 2909
# 14: 2 => 2 in 22.003µs ~ 36.929µs | total cached: 2910 (found solution)
time '174.447s + 130.022s = 304.469s': n = 10, i = 2, comparisons: 14
# 1: 1 => 1590 in 1.540s ~ 34.442ms | total cached: 2
# 2: 1 => 6296 in 4.769s ~ 195.595ms | total cached: 5
# 3: 3 => 36146 in 15.652s ~ 1.164s | total cached: 22
# 4: 17 => 151074 in 39.892s ~ 5.706s | total cached: 200
# 5: 178 => 373210 in 57.291s ~ 18.522s | total cached: 1494
